<?xml version="1.0" encoding="UTF-8"?>
<!-- Generated by org.testng.reporters.JUnitXMLReporter -->
<testsuite ignored="6" hostname="DESKTOP-0O9N60N" failures="0" tests="19" name="NxtGen AI Suite" time="58.958" errors="0" timestamp="2022-11-08T21:43:02 IST">
  <testcase classname="com.nxtgenai.testcases.ScreenNavigation" name="validatingPythonForDataScienceNavigation" time="5.697"/>
  <testcase classname="com.nxtgenai.testcases.ScreenNavigation" name="validatingCourseCompletionCertificateNavigation" time="2.636"/>
  <testcase classname="com.nxtgenai.testcases.ScreenNavigation" name="validatingSeleniumOnlineTrainingNavigation" time="2.543"/>
  <testcase classname="com.nxtgenai.testcases.ScreenNavigation" name="validatingRegistrationFormNavigation" time="1.919"/>
  <testcase classname="com.nxtgenai.testcases.ScreenNavigation" name="validatingAlertPopUpNavigation" time="1.483"/>
  <testcase classname="com.nxtgenai.testcases.ScreenNavigation" name="validatingMultipleWindowsNavigation" time="1.628"/>
  <testcase classname="com.nxtgenai.testcases.ScreenNavigation" name="validatingWebTableNavigation" time="3.256"/>
  <testcase classname="com.nxtgenai.testcases.ScreenNavigation" name="validatingTechTalkNavigation" time="3.082"/>
  <testcase classname="com.nxtgenai.testcases.ScreenNavigation" name="validatingTestimonialsNavigation" time="2.516"/>
  <testcase classname="com.nxtgenai.testcases.ScreenNavigation" name="validatingNumPyNavigation" time="6.473"/>
  <testcase classname="com.nxtgenai.testcases.ScreenNavigation" name="validatingPandasNavigation" time="2.289"/>
  <testcase classname="com.nxtgenai.testcases.RegisterDemo" name="registerUser" time="5.58"/>
  <testcase classname="com.nxtgenai.testcases.RegisterDemo" name="registerUser" time="5.416"/>
  <testcase classname="com.nxtgenai.testcases.HandlingPopUp" name="validateAlertPopUp" time="0.062"/>
  <testcase classname="com.nxtgenai.testcases.HandlingPopUp" name="validateConfirmAlertPopUp" time="0.102"/>
  <testcase classname="com.nxtgenai.testcases.HandlingPopUp" name="validatePromptAlertPopUp" time="0.172"/>
  <testcase classname="com.nxtgenai.testcases.HandlingMultipleWindows" name="handlingMultipleBrowsers" time="3.374"/>
  <testcase classname="com.nxtgenai.testcases.HandlingMultipleWindows" name="handlingMultipleTabs" time="4.506"/>
  <testcase classname="com.nxtgenai.testcases.HandlingMultipleWindows" name="handlingMultipleMessageWindow" time="2.451"/>
  <testcase classname="com.nxtgenai.driverscript.TestBase" name="@BeforeSuite setUp" time="0.0">
    <ignored/>
  </testcase> <!-- @BeforeSuite setUp -->
  <testcase classname="com.nxtgenai.driverscript.TestBase" name="@BeforeSuite setUp" time="0.0">
    <ignored/>
  </testcase> <!-- @BeforeSuite setUp -->
  <testcase classname="com.nxtgenai.driverscript.TestBase" name="@BeforeSuite setUp" time="0.0">
    <ignored/>
  </testcase> <!-- @BeforeSuite setUp -->
  <testcase classname="com.nxtgenai.driverscript.TestBase" name="@AfterSuite tearDown" time="0.0">
    <ignored/>
  </testcase> <!-- @AfterSuite tearDown -->
  <testcase classname="com.nxtgenai.driverscript.TestBase" name="@AfterSuite tearDown" time="0.0">
    <ignored/>
  </testcase> <!-- @AfterSuite tearDown -->
  <testcase classname="com.nxtgenai.driverscript.TestBase" name="@AfterSuite tearDown" time="0.0">
    <ignored/>
  </testcase> <!-- @AfterSuite tearDown -->
</testsuite> <!-- NxtGen AI Suite -->
