<?xml version="1.0" encoding="UTF-8"?>
<testng-results ignored="6" total="25" passed="19" failed="0" skipped="0">
  <reporter-output>
  </reporter-output>
  <suite started-at="2022-11-08T21:42:03 IST" name="NxtGen AI Automation Suite" finished-at="2022-11-08T21:43:02 IST" duration-ms="58958">
    <groups>
    </groups>
    <test started-at="2022-11-08T21:42:03 IST" name="NxtGen AI Suite" finished-at="2022-11-08T21:43:02 IST" duration-ms="58958">
      <class name="com.nxtgenai.testcases.HandlingMultipleWindows">
        <test-method is-config="true" signature="navigateToMultipleWindows()[pri:0, instance:com.nxtgenai.testcases.HandlingMultipleWindows@6b5894c8]" started-at="2022-11-08T21:42:50 IST" name="navigateToMultipleWindows" finished-at="2022-11-08T21:42:51 IST" duration-ms="1533" status="PASS">
          <reporter-output>
          </reporter-output>
        </test-method> <!-- navigateToMultipleWindows -->
        <test-method signature="handlingMultipleBrowsers()[pri:1, instance:com.nxtgenai.testcases.HandlingMultipleWindows@6b5894c8]" started-at="2022-11-08T21:42:51 IST" name="handlingMultipleBrowsers" finished-at="2022-11-08T21:42:55 IST" duration-ms="3374" status="PASS">
          <reporter-output>
          </reporter-output>
        </test-method> <!-- handlingMultipleBrowsers -->
        <test-method signature="handlingMultipleTabs()[pri:2, instance:com.nxtgenai.testcases.HandlingMultipleWindows@6b5894c8]" started-at="2022-11-08T21:42:55 IST" name="handlingMultipleTabs" finished-at="2022-11-08T21:42:59 IST" duration-ms="4506" status="PASS">
          <reporter-output>
          </reporter-output>
        </test-method> <!-- handlingMultipleTabs -->
        <test-method signature="handlingMultipleMessageWindow()[pri:3, instance:com.nxtgenai.testcases.HandlingMultipleWindows@6b5894c8]" started-at="2022-11-08T21:42:59 IST" name="handlingMultipleMessageWindow" finished-at="2022-11-08T21:43:02 IST" duration-ms="2451" status="PASS">
          <reporter-output>
          </reporter-output>
        </test-method> <!-- handlingMultipleMessageWindow -->
      </class> <!-- com.nxtgenai.testcases.HandlingMultipleWindows -->
      <class name="com.nxtgenai.testcases.ScreenNavigation">
        <test-method is-config="true" signature="setUp()[pri:0, instance:com.nxtgenai.testcases.ScreenNavigation@33e01298]" started-at="2022-11-08T21:41:49 IST" name="setUp" finished-at="2022-11-08T21:42:03 IST" duration-ms="13748" status="PASS">
          <reporter-output>
          </reporter-output>
        </test-method> <!-- setUp -->
        <test-method signature="validatingPythonForDataScienceNavigation()[pri:1, instance:com.nxtgenai.testcases.ScreenNavigation@33e01298]" started-at="2022-11-08T21:42:03 IST" name="validatingPythonForDataScienceNavigation" finished-at="2022-11-08T21:42:09 IST" duration-ms="5697" status="PASS">
          <reporter-output>
          </reporter-output>
        </test-method> <!-- validatingPythonForDataScienceNavigation -->
        <test-method signature="validatingCourseCompletionCertificateNavigation()[pri:2, instance:com.nxtgenai.testcases.ScreenNavigation@33e01298]" started-at="2022-11-08T21:42:09 IST" name="validatingCourseCompletionCertificateNavigation" finished-at="2022-11-08T21:42:11 IST" duration-ms="2636" status="PASS">
          <reporter-output>
          </reporter-output>
        </test-method> <!-- validatingCourseCompletionCertificateNavigation -->
        <test-method signature="validatingSeleniumOnlineTrainingNavigation()[pri:3, instance:com.nxtgenai.testcases.ScreenNavigation@33e01298]" started-at="2022-11-08T21:42:11 IST" name="validatingSeleniumOnlineTrainingNavigation" finished-at="2022-11-08T21:42:14 IST" duration-ms="2543" status="PASS">
          <reporter-output>
          </reporter-output>
        </test-method> <!-- validatingSeleniumOnlineTrainingNavigation -->
        <test-method signature="validatingRegistrationFormNavigation()[pri:4, instance:com.nxtgenai.testcases.ScreenNavigation@33e01298]" started-at="2022-11-08T21:42:14 IST" name="validatingRegistrationFormNavigation" finished-at="2022-11-08T21:42:16 IST" duration-ms="1919" status="PASS">
          <reporter-output>
          </reporter-output>
        </test-method> <!-- validatingRegistrationFormNavigation -->
        <test-method signature="validatingAlertPopUpNavigation()[pri:5, instance:com.nxtgenai.testcases.ScreenNavigation@33e01298]" started-at="2022-11-08T21:42:16 IST" name="validatingAlertPopUpNavigation" finished-at="2022-11-08T21:42:17 IST" duration-ms="1483" status="PASS">
          <reporter-output>
          </reporter-output>
        </test-method> <!-- validatingAlertPopUpNavigation -->
        <test-method signature="validatingMultipleWindowsNavigation()[pri:6, instance:com.nxtgenai.testcases.ScreenNavigation@33e01298]" started-at="2022-11-08T21:42:17 IST" name="validatingMultipleWindowsNavigation" finished-at="2022-11-08T21:42:19 IST" duration-ms="1628" status="PASS">
          <reporter-output>
          </reporter-output>
        </test-method> <!-- validatingMultipleWindowsNavigation -->
        <test-method signature="validatingWebTableNavigation()[pri:7, instance:com.nxtgenai.testcases.ScreenNavigation@33e01298]" started-at="2022-11-08T21:42:19 IST" name="validatingWebTableNavigation" finished-at="2022-11-08T21:42:22 IST" duration-ms="3256" status="PASS">
          <reporter-output>
          </reporter-output>
        </test-method> <!-- validatingWebTableNavigation -->
        <test-method signature="validatingTechTalkNavigation()[pri:8, instance:com.nxtgenai.testcases.ScreenNavigation@33e01298]" started-at="2022-11-08T21:42:22 IST" name="validatingTechTalkNavigation" finished-at="2022-11-08T21:42:25 IST" duration-ms="3082" status="PASS">
          <reporter-output>
          </reporter-output>
        </test-method> <!-- validatingTechTalkNavigation -->
        <test-method signature="validatingTestimonialsNavigation()[pri:9, instance:com.nxtgenai.testcases.ScreenNavigation@33e01298]" started-at="2022-11-08T21:42:25 IST" name="validatingTestimonialsNavigation" finished-at="2022-11-08T21:42:28 IST" duration-ms="2516" status="PASS">
          <reporter-output>
          </reporter-output>
        </test-method> <!-- validatingTestimonialsNavigation -->
        <test-method signature="validatingNumPyNavigation()[pri:10, instance:com.nxtgenai.testcases.ScreenNavigation@33e01298]" started-at="2022-11-08T21:42:28 IST" name="validatingNumPyNavigation" finished-at="2022-11-08T21:42:34 IST" duration-ms="6473" status="PASS">
          <reporter-output>
          </reporter-output>
        </test-method> <!-- validatingNumPyNavigation -->
        <test-method signature="validatingPandasNavigation()[pri:11, instance:com.nxtgenai.testcases.ScreenNavigation@33e01298]" started-at="2022-11-08T21:42:34 IST" name="validatingPandasNavigation" finished-at="2022-11-08T21:42:36 IST" duration-ms="2289" status="PASS">
          <reporter-output>
          </reporter-output>
        </test-method> <!-- validatingPandasNavigation -->
        <test-method is-config="true" signature="tearDown()[pri:0, instance:com.nxtgenai.testcases.ScreenNavigation@33e01298]" started-at="2022-11-08T21:43:03 IST" name="tearDown" finished-at="2022-11-08T21:43:03 IST" duration-ms="649" status="PASS">
          <reporter-output>
          </reporter-output>
        </test-method> <!-- tearDown -->
      </class> <!-- com.nxtgenai.testcases.ScreenNavigation -->
      <class name="com.nxtgenai.testcases.HandlingPopUp">
        <test-method is-config="true" signature="navigateToAlertPopUp()[pri:0, instance:com.nxtgenai.testcases.HandlingPopUp@54227100]" started-at="2022-11-08T21:42:48 IST" name="navigateToAlertPopUp" finished-at="2022-11-08T21:42:50 IST" duration-ms="2079" status="PASS">
          <reporter-output>
          </reporter-output>
        </test-method> <!-- navigateToAlertPopUp -->
        <test-method signature="validateAlertPopUp()[pri:1, instance:com.nxtgenai.testcases.HandlingPopUp@54227100]" started-at="2022-11-08T21:42:50 IST" name="validateAlertPopUp" finished-at="2022-11-08T21:42:50 IST" duration-ms="62" status="PASS">
          <reporter-output>
          </reporter-output>
        </test-method> <!-- validateAlertPopUp -->
        <test-method signature="validateConfirmAlertPopUp()[pri:2, instance:com.nxtgenai.testcases.HandlingPopUp@54227100]" started-at="2022-11-08T21:42:50 IST" name="validateConfirmAlertPopUp" finished-at="2022-11-08T21:42:50 IST" duration-ms="102" status="PASS">
          <reporter-output>
          </reporter-output>
        </test-method> <!-- validateConfirmAlertPopUp -->
        <test-method signature="validatePromptAlertPopUp()[pri:3, instance:com.nxtgenai.testcases.HandlingPopUp@54227100]" started-at="2022-11-08T21:42:50 IST" name="validatePromptAlertPopUp" finished-at="2022-11-08T21:42:50 IST" duration-ms="172" status="PASS">
          <reporter-output>
          </reporter-output>
        </test-method> <!-- validatePromptAlertPopUp -->
      </class> <!-- com.nxtgenai.testcases.HandlingPopUp -->
      <class name="com.nxtgenai.testcases.RegisterDemo">
        <test-method signature="registerUser(java.util.Hashtable)[pri:0, instance:com.nxtgenai.testcases.RegisterDemo@2611b9a3]" started-at="2022-11-08T21:42:37 IST" name="registerUser" data-provider="dp" finished-at="2022-11-08T21:42:42 IST" duration-ms="5580" status="PASS">
          <params>
            <param index="0">
              <value>
                <![CDATA[{EmailID=vinothrwins@gmail.com, Gender=Male, StreetAddress=XYZ Street, UFT=ON, ApartmentNumber=S1, SeleniumWebDriver=ON, Country=India, Expected Successful Message=Registration Form is Successfully Submitted, PinCode=600100, State=Tamil Nadu, Query=What is the Roadmap for Automation?, TitleValidation=Register For Demo, MM=25, LastName=Rathinam, FirstName=Vinoth, MobileNumber=638354489, FunctionalTesting=OFF, Others=OFF, TestNG=ON, AMPM=AM, CoreJava=OFF, DemoDate=03/31/2021, HH=01, City=Chennai}]]>
              </value>
            </param>
          </params>
          <reporter-output>
          </reporter-output>
        </test-method> <!-- registerUser -->
        <test-method signature="registerUser(java.util.Hashtable)[pri:0, instance:com.nxtgenai.testcases.RegisterDemo@2611b9a3]" started-at="2022-11-08T21:42:42 IST" name="registerUser" data-provider="dp" finished-at="2022-11-08T21:42:48 IST" duration-ms="5416" status="PASS">
          <params>
            <param index="0">
              <value>
                <![CDATA[{EmailID=pranav@gmail.com, Gender=Male, StreetAddress=ABC Street, UFT=OFF, ApartmentNumber=C1, SeleniumWebDriver=OFF, Country=India, Expected Successful Message=Registration Form is Successfully Submitted, PinCode=600200, State=Tamil Nadu, Query=What is the Roadmap for Automation?, TitleValidation=Register For Demo, MM=35, LastName=Vinoth, FirstName=Pranav, MobileNumber=638354489, FunctionalTesting=ON, Others=ON, TestNG=OFF, AMPM=PM, CoreJava=ON, DemoDate=03/31/2021, HH=04, City=Chennai}]]>
              </value>
            </param>
          </params>
          <reporter-output>
          </reporter-output>
        </test-method> <!-- registerUser -->
      </class> <!-- com.nxtgenai.testcases.RegisterDemo -->
    </test> <!-- NxtGen AI Suite -->
  </suite> <!-- NxtGen AI Automation Suite -->
</testng-results>
